C51 COMPILER V9.60.0.0   INIT                                                              11/20/2019 11:08:59 PAGE 1   


C51 COMPILER V9.60.0.0, COMPILATION OF MODULE INIT
OBJECT MODULE PLACED IN .\Objects\init.obj
COMPILER INVOKED BY: G:\danpj\C51\BIN\C51.EXE init.c OPTIMIZE(0,SPEED) BROWSE DEBUG OBJECTEXTEND PRINT(.\Listings\init.l
                    -st) TABS(2) OBJECT(.\Objects\init.obj)

line level    source

   1          #define __init_c
   2          #include "includeAll.h"
              //=============================================================================
              void SysInit() {
                F_clearWDT();
                //时钟初始化
                CLKCON = 0x03; // Clock div 1
                STPPCK = 0;
                STPFCK = 0;
                _nop_();
                _nop_();
                _nop_();
                _nop_();
                _nop_();
                SELFCK = 1;
                _nop_();
                _nop_();
                _nop_();
                _nop_();
                _nop_();
                _nop_();
                _nop_();
                _nop_();
                _nop_();
                _nop_();
                // IO 模式初始化
                P1MODL = 0xa8;
                P1_0 = 1;
                // IO 状态初始化
                F_ledOff();
                //T2初始化
                
                TH2 = (65536 - 3686) / 256;
                RCP2H = TH2;
              
                TL2 = (65536 - 3686) % 256;
              }
              //=============================================================================
              void VarsInit() {}
*** WARNING C316 IN LINE 39 OF init.c: unterminated conditionals


MODULE INFORMATION:   STATIC OVERLAYABLE
   CODE SIZE        =   ----    ----
   CONSTANT SIZE    =   ----    ----
   XDATA SIZE       =   ----    ----
   PDATA SIZE       =   ----    ----
   DATA SIZE        =   ----    ----
   IDATA SIZE       =   ----    ----
   BIT SIZE         =   ----    ----
END OF MODULE INFORMATION.


C51 COMPILATION COMPLETE.  1 WARNING(S),  0 ERROR(S)
