C51 COMPILER V9.60.0.0   TRIAC                                                             11/20/2019 10:32:19 PAGE 1   


C51 COMPILER V9.60.0.0, COMPILATION OF MODULE TRIAC
OBJECT MODULE PLACED IN .\Objects\triac.obj
COMPILER INVOKED BY: G:\danpj\C51\BIN\C51.EXE triac.c OPTIMIZE(8,SPEED) BROWSE DEBUG OBJECTEXTEND PRINT(.\Listings\triac
                    -.lst) TABS(2) OBJECT(.\Objects\triac.obj)

line level    source

   1          #define __triac_c
   2          
   3          #include    "includeAll.h"
*** WARNING C318 IN LINE 1 OF includeAll.h: can't open file 'typeAlias.h'
*** WARNING C315 IN LINE 4 OF keys.h: unknown #directive 'keyH1'
*** ERROR C129 IN LINE 35 OF keys.h: missing ';' before 'keyValue'
*** WARNING C315 IN LINE 5 OF triac.h: unknown #directive 'triacH1'
*** WARNING C315 IN LINE 4 OF display.h: unknown #directive 'displayH1'
*** WARNING C315 IN LINE 43 OF display.h: unknown #directive 'displayH2'
*** WARNING C315 IN LINE 44 OF display.h: unknown #directive 'input1'
*** WARNING C315 IN LINE 4 OF buzz.h: unknown #directive 'buzzH1'
*** WARNING C315 IN LINE 5 OF tempAd.h: unknown #directive 'tempAdH1'
   4          
   5          void InitTriac()
   6          {
   7            #triacC1
*** WARNING C315 IN LINE 7 OF triac.c: unknown #directive 'triacC1'
   8            #triacC2
*** WARNING C315 IN LINE 8 OF triac.c: unknown #directive 'triacC2'
   9            bAlarm = 0;
  10            bWattSetted = 0;
  11            bLastZero = 0;
  12            bZero = 0;
  13            bDelay = 0;
  14            delayTimer = 0;
  15            triacTimer = 0;
  16            fireType = 0;
  17            
  18          }

C51 COMPILATION COMPLETE.  10 WARNING(S),  1 ERROR(S)
