C51 COMPILER V9.60.0.0   INIT                                                              11/25/2019 21:52:55 PAGE 1   


C51 COMPILER V9.60.0.0, COMPILATION OF MODULE INIT
OBJECT MODULE PLACED IN .\Objects\init.obj
COMPILER INVOKED BY: G:\danpj\C51\BIN\C51.EXE code(78b)\init.c OPTIMIZE(8,SPEED) BROWSE DEBUG OBJECTEXTEND PRINT(.\Listi
                    -ngs\init.lst) TABS(2) OBJECT(.\Objects\init.obj)

line level    source

   1          #define __init_c
   2          #include "includeAll.h"
   3          //=============================================================================
   4          void SysInit() {
   5   1        //时钟初始化  CLKCON = 0x03; // Clock div 1
   6   1        STPPCK = 0;
   7   1        STPFCK = 0;
   8   1        _nop_();
   9   1        _nop_();
  10   1        _nop_();
  11   1        _nop_();
  12   1        _nop_();
  13   1        SELFCK = 1;
  14   1        _nop_();
  15   1        _nop_();
  16   1        _nop_();
  17   1        _nop_();
  18   1        _nop_();
  19   1        _nop_();
  20   1        _nop_();
  21   1        _nop_();
  22   1        _nop_();
  23   1        _nop_();
  24   1        // IO 模式初始化  P1MODL = 0xaa;
  25   1        // IO 状态初始化
  26   1        F_ledOff();
*** WARNING C206 IN LINE 26 OF code(78b)\init.c: 'F_ledOff': missing function-prototype
  27   1      }
  28          //=============================================================================
  29          void VarsInit() {}


MODULE INFORMATION:   STATIC OVERLAYABLE
   CODE SIZE        =     25    ----
   CONSTANT SIZE    =   ----    ----
   XDATA SIZE       =   ----    ----
   PDATA SIZE       =   ----    ----
   DATA SIZE        =   ----    ----
   IDATA SIZE       =   ----    ----
   BIT SIZE         =   ----    ----
END OF MODULE INFORMATION.


C51 COMPILATION COMPLETE.  1 WARNING(S),  0 ERROR(S)
