C51 COMPILER V9.60.0.0   BUZZ                                                              11/20/2019 10:32:19 PAGE 1   


C51 COMPILER V9.60.0.0, COMPILATION OF MODULE BUZZ
OBJECT MODULE PLACED IN .\Objects\buzz.obj
COMPILER INVOKED BY: G:\danpj\C51\BIN\C51.EXE buzz.c OPTIMIZE(8,SPEED) BROWSE DEBUG OBJECTEXTEND PRINT(.\Listings\buzz.l
                    -st) TABS(2) OBJECT(.\Objects\buzz.obj)

line level    source

   1          
   2          #define __buzz_c
   3          
   4          #include    "includeAll.h"
*** WARNING C318 IN LINE 1 OF includeAll.h: can't open file 'typeAlias.h'
*** WARNING C315 IN LINE 4 OF keys.h: unknown #directive 'keyH1'
*** ERROR C129 IN LINE 35 OF keys.h: missing ';' before 'keyValue'
*** WARNING C315 IN LINE 5 OF triac.h: unknown #directive 'triacH1'
*** WARNING C315 IN LINE 4 OF display.h: unknown #directive 'displayH1'
*** WARNING C315 IN LINE 43 OF display.h: unknown #directive 'displayH2'
*** WARNING C315 IN LINE 44 OF display.h: unknown #directive 'input1'
*** WARNING C315 IN LINE 4 OF buzz.h: unknown #directive 'buzzH1'
*** WARNING C315 IN LINE 5 OF tempAd.h: unknown #directive 'tempAdH1'
   5          
   6          void Buzz(void)
   7          {
   8            //config reuse pin P3_4 to output
   9            bBuzz = 1;
  10            #buzzC1
*** WARNING C315 IN LINE 10 OF buzz.c: unknown #directive 'buzzC1'
  11            buzzLastTimer = D_buzzLastTime;
  12            //buzzConvertAdTimer = D_buzzConvertAdTime;
  13          }

C51 COMPILATION COMPLETE.  9 WARNING(S),  1 ERROR(S)
