C51 COMPILER V9.60.0.0   KEYS                                                              11/25/2019 21:16:54 PAGE 1   


C51 COMPILER V9.60.0.0, COMPILATION OF MODULE KEYS
OBJECT MODULE PLACED IN .\Objects\keys.obj
COMPILER INVOKED BY: G:\danpj\C51\BIN\C51.EXE keys.c OPTIMIZE(8,SPEED) BROWSE DEBUG OBJECTEXTEND PRINT(.\Listings\keys.l
                    -st) TABS(2) OBJECT(.\Objects\keys.obj)

line level    source

   1          #define __keys_c
   2          #include "includeAll.h"
*** ERROR C129 IN LINE 19 OF main.h: missing ';' before 'void'
   3          //=============================================================================
   4          void GetKeys() {
   5            static uint8_t tempKeyValue = D_keyNull;
   6          
   7            DelayMs(5);
   8            if (P_key1 == 0) {
   9              tempKeyValue = D_keyValue1;
  10            } else {
  11              keyValue = tempKeyValue;
  12              tempKeyValue = D_keyNull;
  13            }
  14          }
*** WARNING C316 IN LINE 14 OF keys.c: unterminated conditionals

C51 COMPILATION COMPLETE.  1 WARNING(S),  1 ERROR(S)
