C51 COMPILER V9.60.0.0   MAIN                                                              11/25/2019 21:16:54 PAGE 1   


C51 COMPILER V9.60.0.0, COMPILATION OF MODULE MAIN
OBJECT MODULE PLACED IN .\Objects\main.obj
COMPILER INVOKED BY: G:\danpj\C51\BIN\C51.EXE main.c OPTIMIZE(8,SPEED) BROWSE DEBUG OBJECTEXTEND PRINT(.\Listings\main.l
                    -st) TABS(2) OBJECT(.\Objects\main.obj)

line level    source

   1          #define __main_c
   2          #include "includeAll.h"
*** ERROR C129 IN LINE 19 OF main.h: missing ';' before 'void'
   3          //=============================================================================
   4          void main() {
   5            SysInit();
   6            VarsInit();
   7            F_ledOn();
   8            DelayMs(500);
   9            //使能看门狗
  10            F_turnOnWDT();
  11            while (1) {
  12              //喂狗
  13              F_clearWDT();
  14              //业务代码
  15              TimeProcess();
  16              TaskProcess();
  17              TaskSetting();
  18              DisplayProcess();
  19          }
  20          //=============================================================================
  21          void DelayMs(uint16_t msCount) {
  22            uint16_t i, j;
  23            for (i = 0; i < msCount; i++) {
  24              for (j = 0; j < 1000; j++) {
  25                /* code */
  26                F_clearWDT();
  27              }
  28            }
  29          }
  30          
  31          void TimeProcess(){
  32            static uint16_t second = 0;
  33            if (b1ms)
  34            {
  35              b1ms = 0;
  36              second++;
  37            }
  38            if (second >= D_1000ms)
  39            {
  40              second = 0;
  41            }
  42            
  43            
  44          }
  45          
  46          void TaskProcess(){
  47          
  48          }
  49          
  50          void TaskSetting(){
  51            GetKeys();
  52              if (D_keyValue1 == keyValue) {
  53                F_ledNeg();
C51 COMPILER V9.60.0.0   MAIN                                                              11/25/2019 21:16:54 PAGE 2   

  54              }
  55              keyValue = D_keyNull;
  56            }
  57          }
  58          
  59          void DisplayProcess(){
  60          
  61          }
*** WARNING C316 IN LINE 61 OF main.c: unterminated conditionals

C51 COMPILATION COMPLETE.  1 WARNING(S),  1 ERROR(S)
