C51 COMPILER V9.60.0.0   DISPLAY                                                           11/30/2019 23:17:58 PAGE 1   


C51 COMPILER V9.60.0.0, COMPILATION OF MODULE DISPLAY
OBJECT MODULE PLACED IN .\Objects\display.obj
COMPILER INVOKED BY: G:\danpj\C51\BIN\C51.EXE display.c OPTIMIZE(8,SPEED) REGFILE(.\Objects\Single port control.ORC) ORD
                    -ER NOAREGS CODE PRINT(.\Listings\display.lst) TABS(2) OBJECT(.\Objects\display.obj)

line level    source

   1          #define __display_c
   2          #include "includeAll.h"
C51 COMPILER V9.60.0.0   DISPLAY                                                           11/30/2019 23:17:58 PAGE 2   

ASSEMBLY LISTING OF GENERATED OBJECT CODE




MODULE INFORMATION:   STATIC OVERLAYABLE
   CODE SIZE        =   ----    ----
   CONSTANT SIZE    =   ----    ----
   XDATA SIZE       =   ----    ----
   PDATA SIZE       =   ----    ----
   DATA SIZE        =   ----    ----
   IDATA SIZE       =   ----    ----
   BIT SIZE         =   ----    ----
END OF MODULE INFORMATION.


C51 COMPILATION COMPLETE.  0 WARNING(S),  0 ERROR(S)
