C51 COMPILER V9.60.0.0   KEYS                                                              11/30/2019 23:17:59 PAGE 1   


C51 COMPILER V9.60.0.0, COMPILATION OF MODULE KEYS
OBJECT MODULE PLACED IN .\Objects\keys.obj
COMPILER INVOKED BY: G:\danpj\C51\BIN\C51.EXE keys.c OPTIMIZE(8,SPEED) REGFILE(.\Objects\Single port control.ORC) ORDER 
                    -NOAREGS CODE PRINT(.\Listings\keys.lst) TABS(2) OBJECT(.\Objects\keys.obj)

line level    source

   1          
   2          #define __keys_c
   3          #include "includeAll.h"
   4          //=============================================================================
   5          void GetKeys() {
   6   1        static uint8_t tempKeyValue = D_keyNull;
   7   1      
   8   1        //按键口 P10 设为上拉输入
   9   1        P1MODL = 0xa8;
  10   1        _nop_();
  11   1        _nop_();
  12   1        _nop_();
  13   1        _nop_();
  14   1        _nop_();
  15   1        if (P_key1 == 0) {
  16   2          tempKeyValue = D_keyValue1;
  17   2        } else {
  18   2          keyValue = tempKeyValue;
  19   2          tempKeyValue = D_keyNull;
  20   2        }
  21   1        //按键口P10，恢复为输出
  22   1        P1MODL = 0xaa;
  23   1      }
C51 COMPILER V9.60.0.0   KEYS                                                              11/30/2019 23:17:59 PAGE 2   

ASSEMBLY LISTING OF GENERATED OBJECT CODE


             ; FUNCTION GetKeys (BEGIN)
                                           ; SOURCE LINE # 5
                                           ; SOURCE LINE # 9
0000 75A2A8            MOV     P1MODL,#0A8H
                                           ; SOURCE LINE # 10
0003 00                NOP     
                                           ; SOURCE LINE # 11
0004 00                NOP     
                                           ; SOURCE LINE # 12
0005 00                NOP     
                                           ; SOURCE LINE # 13
0006 00                NOP     
                                           ; SOURCE LINE # 14
0007 00                NOP     
                                           ; SOURCE LINE # 15
0008 209005            JB      P1_0,?C0001
                                           ; SOURCE LINE # 16
000B 750001      R     MOV     tempKeyValue,#01H
                                           ; SOURCE LINE # 17
000E 8006              SJMP    ?C0002
0010         ?C0001:
                                           ; SOURCE LINE # 18
0010 850000      R     MOV     keyValue,tempKeyValue
                                           ; SOURCE LINE # 19
0013 E4                CLR     A
0014 F500        R     MOV     tempKeyValue,A
                                           ; SOURCE LINE # 20
0016         ?C0002:
                                           ; SOURCE LINE # 22
0016 75A2AA            MOV     P1MODL,#0AAH
                                           ; SOURCE LINE # 23
0019 22                RET     
             ; FUNCTION GetKeys (END)



MODULE INFORMATION:   STATIC OVERLAYABLE
   CODE SIZE        =     26    ----
   CONSTANT SIZE    =   ----    ----
   XDATA SIZE       =   ----    ----
   PDATA SIZE       =   ----    ----
   DATA SIZE        =      2    ----
   IDATA SIZE       =   ----    ----
   BIT SIZE         =   ----    ----
END OF MODULE INFORMATION.


C51 COMPILATION COMPLETE.  0 WARNING(S),  0 ERROR(S)
