C51 COMPILER V9.60.0.0   INIT                                                              12/17/2019 11:54:40 PAGE 1   


C51 COMPILER V9.60.0.0, COMPILATION OF MODULE INIT
OBJECT MODULE PLACED IN .\Objects\init.obj
COMPILER INVOKED BY: G:\danpj\C51\BIN\C51.EXE init.c OPTIMIZE(8,SPEED) BROWSE ORDER DEBUG OBJECTEXTEND PRINT(.\Listings\
                    -init.lst) TABS(2) OBJECT(.\Objects\init.obj)

line level    source

   1          #define __init_c
   2          #include "includeAll.h"
   3          //=============================================================================
   4          void SysInit() {
   5   1        F_clearWDT();
   6   1        //时钟初始化
   7   1        CLKCON = 0x03; // Clock div 1  7.3728Mhz
   8   1        STPPCK = 0;
   9   1        STPFCK = 0;
  10   1        _nop_();
  11   1        _nop_();
  12   1        _nop_();
  13   1        _nop_();
  14   1        _nop_();
  15   1        SELFCK = 1;
  16   1        _nop_();
  17   1        _nop_();
  18   1        _nop_();
  19   1        _nop_();
  20   1        _nop_();
  21   1        _nop_();
  22   1        _nop_();
  23   1        _nop_();
  24   1        _nop_();
  25   1        _nop_();
  26   1        // IO 模式初始化
  27   1        P1MODL = 0xa8;
  28   1        P1_0 = 1;
  29   1        // IO 状态初始化
  30   1        F_ledOff();
  31   1      }
  32          //=============================================================================
  33          void VarsInit() {}


MODULE INFORMATION:   STATIC OVERLAYABLE
   CODE SIZE        =     35    ----
   CONSTANT SIZE    =   ----    ----
   XDATA SIZE       =   ----    ----
   PDATA SIZE       =   ----    ----
   DATA SIZE        =   ----    ----
   IDATA SIZE       =   ----    ----
   BIT SIZE         =   ----    ----
END OF MODULE INFORMATION.


C51 COMPILATION COMPLETE.  0 WARNING(S),  0 ERROR(S)
