C51 COMPILER V9.60.0.0   MAIN                                                              12/17/2019 11:54:40 PAGE 1   


C51 COMPILER V9.60.0.0, COMPILATION OF MODULE MAIN
OBJECT MODULE PLACED IN .\Objects\main.obj
COMPILER INVOKED BY: G:\danpj\C51\BIN\C51.EXE main.c OPTIMIZE(8,SPEED) BROWSE ORDER DEBUG OBJECTEXTEND PRINT(.\Listings\
                    -main.lst) TABS(2) OBJECT(.\Objects\main.obj)

line level    source

   1          #define __main_c
   2          #include "includeAll.h"
   3          //=============================================================================
   4          void main() {
   5   1        SysInit();
   6   1        VarsInit();
   7   1       
   8   1        while (1) {  
   9   2          // user coding
  10   2           F_ledOff();
  11   2           delayMs(500);
  12   2           F_ledOn();
  13   2           delayMs(500);
  14   2        
  15   2        }
  16   1      }
  17          //=============================================================================
  18          void delayMs(uint16_t msCount) {
  19   1        uint16_t i, j;
  20   1        for (i = 0; i < msCount; i++) {
  21   2          for (j = 0; j < 1000; j++) {
  22   3            /* code */
  23   3            F_clearWDT();
  24   3          }
  25   2        }
  26   1      }
  27          


MODULE INFORMATION:   STATIC OVERLAYABLE
   CODE SIZE        =     60    ----
   CONSTANT SIZE    =   ----    ----
   XDATA SIZE       =   ----    ----
   PDATA SIZE       =   ----    ----
   DATA SIZE        =   ----    ----
   IDATA SIZE       =   ----    ----
   BIT SIZE         =   ----    ----
END OF MODULE INFORMATION.


C51 COMPILATION COMPLETE.  0 WARNING(S),  0 ERROR(S)
