C51 COMPILER V9.60.0.0   BUZZ                                                              01/06/2020 08:51:03 PAGE 1   


C51 COMPILER V9.60.0.0, COMPILATION OF MODULE BUZZ
OBJECT MODULE PLACED IN .\Objects\buzz.obj
COMPILER INVOKED BY: G:\danpj\C51\BIN\C51.EXE buzz.c OPTIMIZE(8,SPEED) BROWSE DEBUG OBJECTEXTEND PRINT(.\Listings\buzz.l
                    -st) TABS(2) OBJECT(.\Objects\buzz.obj)

line level    source

   1          #define __buzz_c
   2          
   3          #include    "includeAll.h"
   4          
   5          


MODULE INFORMATION:   STATIC OVERLAYABLE
   CODE SIZE        =   ----    ----
   CONSTANT SIZE    =   ----    ----
   XDATA SIZE       =   ----    ----
   PDATA SIZE       =   ----    ----
   DATA SIZE        =      2    ----
   IDATA SIZE       =   ----    ----
   BIT SIZE         =      1    ----
END OF MODULE INFORMATION.


C51 COMPILATION COMPLETE.  0 WARNING(S),  0 ERROR(S)
