C51 COMPILER V9.60.0.0   INIT                                                              01/01/2020 13:18:59 PAGE 1   


C51 COMPILER V9.60.0.0, COMPILATION OF MODULE INIT
OBJECT MODULE PLACED IN .\Objects\init.obj
COMPILER INVOKED BY: G:\danpj\C51\BIN\C51.EXE init.c OPTIMIZE(8,SPEED) BROWSE DEBUG OBJECTEXTEND PRINT(.\Listings\init.l
                    -st) TABS(2) OBJECT(.\Objects\init.obj)

line level    source

   1          #define __init_c
   2          #include "includeAll.h"
   3          //=============================================================================
   4          void SysInit() {
   5   1        //时钟初始化
   6   1        CLKCON = 0x03; // Clock div 1
   7   1        STPPCK = 0;
   8   1        STPFCK = 0;
   9   1        _nop_();
  10   1        _nop_();
  11   1        _nop_();
  12   1        _nop_();
  13   1        _nop_();
  14   1        SELFCK = 1;
  15   1        _nop_();
  16   1        _nop_();
  17   1        _nop_();
  18   1        _nop_();
  19   1        _nop_();
  20   1        _nop_();
  21   1        _nop_();
  22   1        _nop_();
  23   1        _nop_();
  24   1        _nop_();
  25   1        // IO 模式初始化
  26   1        P1MODL = 0xaa;
  27   1        P1MODH = P14MOD_2 | P15MOD_2;
  28   1      
  29   1        P1MODH |= P14MOD_2;
  30   1        P1MODL |= P12MOD_2;
  31   1       
  32   1        P_led_com = 0; /* 根据电路图，com 口应恒为低 */
  33   1        P_led_1 = 0;
  34   1        P_led_2 = 0;
  35   1      }
  36          //=============================================================================
  37          void VarsInit() {}


MODULE INFORMATION:   STATIC OVERLAYABLE
   CODE SIZE        =     44    ----
   CONSTANT SIZE    =   ----    ----
   XDATA SIZE       =   ----    ----
   PDATA SIZE       =   ----    ----
   DATA SIZE        =   ----    ----
   IDATA SIZE       =   ----    ----
   BIT SIZE         =   ----    ----
END OF MODULE INFORMATION.


C51 COMPILATION COMPLETE.  0 WARNING(S),  0 ERROR(S)
