C51 COMPILER V9.60.0.0   KEYS                                                              01/05/2020 14:58:48 PAGE 1   


C51 COMPILER V9.60.0.0, COMPILATION OF MODULE KEYS
OBJECT MODULE PLACED IN .\Objects\keys.obj
COMPILER INVOKED BY: G:\danpj\C51\BIN\C51.EXE keys.c OPTIMIZE(8,SPEED) BROWSE DEBUG OBJECTEXTEND PRINT(.\Listings\keys.l
                    -st) TABS(2) OBJECT(.\Objects\keys.obj)

line level    source

   1          #define __keys_c
   2          #include "includeAll.h"
   3          //=============================================================================
   4          //按键信息获取
   5          void GetKeys() {
   6   1        static uint8_t tempKeyValue1 = D_keyNull;
   7   1        static uint8_t tempKeyValue2 = D_keyNull;
   8   1        static uint8_t tempKeyValue3 = D_keyNull;
   9   1        static uint8_t tempKeyValue4 = D_keyNull;
  10   1          delayMs(20);
  11   1          P1MODH &= P17MOD_Mask;
  12   1        P3MODH &= P34MOD_Mask;
  13   1        P3MODL &= P32MOD_Mask;
  14   1        P1MODL &= P12MOD_Mask;
  15   1      
  16   1      
  17   1        _nop_();
  18   1        _nop_();
  19   1        _nop_();
  20   1          _nop_();
  21   1          _nop_();
  22   1        if(P_key1 == 0){
  23   2          tempKeyValue1 = D_keyValue1;
  24   2        } else{
  25   2          keyValue1 = tempKeyValue1;
  26   2          tempKeyValue1 = D_keyNull;
  27   2        }
  28   1        if(P_key2 == 0){
  29   2          tempKeyValue2 = D_keyValue1;
  30   2        } else{
  31   2          keyValue2 = tempKeyValue2;
  32   2          tempKeyValue2 = D_keyNull;
  33   2        }
  34   1        if(P_key3 == 0){
  35   2          tempKeyValue3 = D_keyValue1;
  36   2        } else{
  37   2          keyValue3 = tempKeyValue3;
  38   2          tempKeyValue3 = D_keyNull;
  39   2        }
  40   1        if(P_key4 == 0){
  41   2          tempKeyValue4 = D_keyValue1;
  42   2        } else{
  43   2          keyValue4 = tempKeyValue4;
  44   2          tempKeyValue4 = D_keyNull;
  45   2        }
  46   1        P1MODH |= P17MOD_2;
  47   1        P3MODH |= P34MOD_2;
  48   1        P3MODL |= P32MOD_2;
  49   1          P1MODL |= P12MOD_2;
  50   1      }


MODULE INFORMATION:   STATIC OVERLAYABLE
   CODE SIZE        =     93    ----
C51 COMPILER V9.60.0.0   KEYS                                                              01/05/2020 14:58:48 PAGE 2   

   CONSTANT SIZE    =   ----    ----
   XDATA SIZE       =   ----    ----
   PDATA SIZE       =   ----    ----
   DATA SIZE        =      8    ----
   IDATA SIZE       =   ----    ----
   BIT SIZE         =   ----    ----
END OF MODULE INFORMATION.


C51 COMPILATION COMPLETE.  0 WARNING(S),  0 ERROR(S)
