C51 COMPILER V9.60.0.0   MAIN                                                              01/01/2020 13:18:59 PAGE 1   


C51 COMPILER V9.60.0.0, COMPILATION OF MODULE MAIN
OBJECT MODULE PLACED IN .\Objects\main.obj
COMPILER INVOKED BY: G:\danpj\C51\BIN\C51.EXE main.c OPTIMIZE(8,SPEED) BROWSE DEBUG OBJECTEXTEND PRINT(.\Listings\main.l
                    -st) TABS(2) OBJECT(.\Objects\main.obj)

line level    source

   1          #define __main_c
   2          #include "includeAll.h"
   3          //=============================================================================
   4          void main()
   5          {
   6   1      
   7   1        SysInit();  //系统初始化
   8   1        VarsInit(); //变量初始化
   9   1        //使能看门狗
  10   1        F_turnOnWDT();
  11   1        F_led1On();
  12   1        F_led2On();
  13   1        while (1)
  14   1        {
  15   2          //喂狗
  16   2          F_clearWDT();
  17   2          //业务代码
  18   2          TimeProcess();
  19   2          TaskSetting();
  20   2          TaskProcess();
  21   2          // DisplayProcess();
  22   2        }
  23   1      }
  24          void TimeProcess()
  25          {
  26   1      
  27   1      }
  28          //=============================================================================
  29          void TaskProcess() {}
  30          //=============================================================================
  31          void TaskSetting()
  32          {
  33   1      }
  34          //=============================================================================
  35          void DisplayProcess()
  36          {
  37   1        //F_ledOn();
  38   1      }
  39          void delayMs(uint16_t msCount)
  40          {
  41   1        uint16_t i, j;
  42   1        for (i = 0; i < msCount; i++)
  43   1        {
  44   2          for (j = 0; j < 1000; j++)
  45   2          {
  46   3            /* code */
  47   3            F_clearWDT();
  48   3          }
  49   2        }
  50   1      }


MODULE INFORMATION:   STATIC OVERLAYABLE
   CODE SIZE        =     69    ----
C51 COMPILER V9.60.0.0   MAIN                                                              01/01/2020 13:18:59 PAGE 2   

   CONSTANT SIZE    =   ----    ----
   XDATA SIZE       =   ----    ----
   PDATA SIZE       =   ----    ----
   DATA SIZE        =   ----    ----
   IDATA SIZE       =   ----    ----
   BIT SIZE         =   ----    ----
END OF MODULE INFORMATION.


C51 COMPILATION COMPLETE.  0 WARNING(S),  0 ERROR(S)
